20130414 00:40:00.3940 2 20 Warning ConsoleMessageServiceFacade  Console 'key23833866859786212' has a last known change numer of 7, but server current number is 1.
20130414 00:40:40.0437 2 19 Information ApplicationEventHandler RGB(205, 92, 92) AppDomain 2 ended at 00:40:40:04 in process 8688
20130414 00:40:49.7908 3 20 Information ApplicationEventHandler RGB(205, 92, 92) AppDomain 3 ended at 00:40:49:78 in process 8688
20130414 01:05:38.0347 4 42 Information ApplicationEventHandler RGB(205, 92, 92) AppDomain 4 ended at 01:05:38:03 in process 8688
20130414 01:05:42.5013 5 66 Warning ConsoleMessageServiceFacade  Console 'key25752298324368894' has a last known change numer of 18, but server current number is 1.
20130414 01:05:42.6864 5  6 Information ApplicationEventHandler RGB(205, 92, 92) AppDomain 5 ended at 01:05:42:68 in process 8688
20130414 01:39:32.8432 6  8 Information ApplicationEventHandler RGB(205, 92, 92) AppDomain 6 ended at 01:39:32:84 in process 8688
20130414 01:39:36.0634 7 66 Information ApplicationEventHandler RGB(205, 92, 92) AppDomain 7 ended at 01:39:36:06 in process 8688
20130414 16:51:06.8584 8 89 Information ApplicationEventHandler RGB(205, 92, 92) AppDomain 8 ended at 16:51:06:85 in process 8688
20130414 18:31:45.0372 2 53 Information ApplicationEventHandler RGB(205, 92, 92) AppDomain 2 ended at 18:31:45:03 in process 10144
20130414 18:52:42.8236 3 78 Error FileBasedFunctionProvider  Error instantiating CategoryMenuRazor function
20130414 18:52:42.9096 3 78 Error FileBasedFunctionProvider  System.Web.HttpParseException (0x80004005): Encountered end tag "ul" with no matching start tag.  Are your start/end tags properly balanced?

   at System.Web.WebPages.Razor.RazorBuildProvider.EnsureGeneratedCode()
   at System.Web.WebPages.Razor.RazorBuildProvider.get_CodeCompilerType()
   at System.Web.Compilation.BuildProvider.GetCompilerTypeFromBuildProvider(BuildProvider buildProvider)
   at System.Web.Compilation.BuildProvidersCompiler.ProcessBuildProviders()
   at System.Web.Compilation.BuildProvidersCompiler.PerformBuild()
   at System.Web.Compilation.BuildManager.CompileWebFile(VirtualPath virtualPath)
   at System.Web.Compilation.BuildManager.GetVPathBuildResultInternal(VirtualPath virtualPath, Boolean noBuild, Boolean allowCrossApp, Boolean allowBuildInPrecompile, Boolean throwIfNotFound, Boolean ensureIsUpToDate)
   at System.Web.Compilation.BuildManager.GetVPathBuildResultWithNoAssert(HttpContext context, VirtualPath virtualPath, Boolean noBuild, Boolean allowCrossApp, Boolean allowBuildInPrecompile, Boolean throwIfNotFound, Boolean ensureIsUpToDate)
   at System.Web.Compilation.BuildManager.GetVirtualPathObjectFactory(VirtualPath virtualPath, HttpContext context, Boolean allowCrossApp, Boolean throwIfNotFound)
   at System.Web.Compilation.BuildManager.CreateInstanceFromVirtualPath(VirtualPath virtualPath, Type requiredBaseType, HttpContext context, Boolean allowCrossApp)
   at System.Web.WebPages.BuildManagerWrapper.CreateInstanceOfType[T](String virtualPath)
   at System.Web.WebPages.VirtualPathFactoryManager.CreateInstanceOfType[T](String virtualPath)
   at System.Web.WebPages.WebPageBase.CreateInstanceFromVirtualPath(String virtualPath, IVirtualPathFactory virtualPathFactory)
   at Composite.Plugins.Functions.FunctionProviders.RazorFunctionProvider.RazorFunctionProvider.InstantiateFunction(String virtualPath, String namespace, String name)
   at Composite.Plugins.Functions.FunctionProviders.FileBasedFunctionProvider.FileBasedFunctionProvider`1.get_Functions()
20130414 18:52:47.9319 3 54 Error PageRenderer  System.InvalidOperationException: Failed to get value for function 'My.Sale.CategoryMenuRazor' 
   at Composite.Functions.FunctionRuntimeTreeNode.GetValue(FunctionContextContainer contextContainer)
   at Composite.Core.WebClient.Renderings.Page.PageRenderer.<>c__DisplayClass19.<ExecuteEmbeddedFunctions>b__15(Int32 i)
20130414 18:52:47.9339 3 54 Error PageRenderer | INNER  System.InvalidOperationException: Function not loaded. Source '~/App_Data/Razor/My/Sale/CategoryMenuRazor.cshtml' ---> System.Web.HttpParseException: Encountered end tag "ul" with no matching start tag.  Are your start/end tags properly balanced?

   at System.Web.WebPages.Razor.RazorBuildProvider.EnsureGeneratedCode()
   at System.Web.WebPages.Razor.RazorBuildProvider.get_CodeCompilerType()
   at System.Web.Compilation.BuildProvider.GetCompilerTypeFromBuildProvider(BuildProvider buildProvider)
   at System.Web.Compilation.BuildProvidersCompiler.ProcessBuildProviders()
   at System.Web.Compilation.BuildProvidersCompiler.PerformBuild()
   at System.Web.Compilation.BuildManager.CompileWebFile(VirtualPath virtualPath)
   at System.Web.Compilation.BuildManager.GetVPathBuildResultInternal(VirtualPath virtualPath, Boolean noBuild, Boolean allowCrossApp, Boolean allowBuildInPrecompile, Boolean throwIfNotFound, Boolean ensureIsUpToDate)
   at System.Web.Compilation.BuildManager.GetVPathBuildResultWithNoAssert(HttpContext context, VirtualPath virtualPath, Boolean noBuild, Boolean allowCrossApp, Boolean allowBuildInPrecompile, Boolean throwIfNotFound, Boolean ensureIsUpToDate)
   at System.Web.Compilation.BuildManager.GetVirtualPathObjectFactory(VirtualPath virtualPath, HttpContext context, Boolean allowCrossApp, Boolean throwIfNotFound)
   at System.Web.Compilation.BuildManager.CreateInstanceFromVirtualPath(VirtualPath virtualPath, Type requiredBaseType, HttpContext context, Boolean allowCrossApp)
   at System.Web.WebPages.BuildManagerWrapper.CreateInstanceOfType[T](String virtualPath)
   at System.Web.WebPages.VirtualPathFactoryManager.CreateInstanceOfType[T](String virtualPath)
   at System.Web.WebPages.WebPageBase.CreateInstanceFromVirtualPath(String virtualPath, IVirtualPathFactory virtualPathFactory)
   at Composite.Plugins.Functions.FunctionProviders.RazorFunctionProvider.RazorFunctionProvider.InstantiateFunction(String virtualPath, String namespace, String name)
   at Composite.Plugins.Functions.FunctionProviders.FileBasedFunctionProvider.FileBasedFunctionProvider`1.get_Functions()
   --- End of inner exception stack trace ---
   at Composite.Plugins.Functions.FunctionProviders.FileBasedFunctionProvider.NotLoadedFileBasedFunction`1.Execute(ParameterList parameters, FunctionContextContainer context)
   at Composite.Functions.Foundation.PluginFacades.FunctionWrapper.Execute(ParameterList parameters, FunctionContextContainer context)
   at Composite.Functions.FunctionRuntimeTreeNode.GetValue(FunctionContextContainer contextContainer)
20130414 18:52:47.9349 3 54 Error PageRenderer | INNER | INNER  System.Web.HttpParseException (0x80004005): Encountered end tag "ul" with no matching start tag.  Are your start/end tags properly balanced?

   at System.Web.WebPages.Razor.RazorBuildProvider.EnsureGeneratedCode()
   at System.Web.WebPages.Razor.RazorBuildProvider.get_CodeCompilerType()
   at System.Web.Compilation.BuildProvider.GetCompilerTypeFromBuildProvider(BuildProvider buildProvider)
   at System.Web.Compilation.BuildProvidersCompiler.ProcessBuildProviders()
   at System.Web.Compilation.BuildProvidersCompiler.PerformBuild()
   at System.Web.Compilation.BuildManager.CompileWebFile(VirtualPath virtualPath)
   at System.Web.Compilation.BuildManager.GetVPathBuildResultInternal(VirtualPath virtualPath, Boolean noBuild, Boolean allowCrossApp, Boolean allowBuildInPrecompile, Boolean throwIfNotFound, Boolean ensureIsUpToDate)
   at System.Web.Compilation.BuildManager.GetVPathBuildResultWithNoAssert(HttpContext context, VirtualPath virtualPath, Boolean noBuild, Boolean allowCrossApp, Boolean allowBuildInPrecompile, Boolean throwIfNotFound, Boolean ensureIsUpToDate)
   at System.Web.Compilation.BuildManager.GetVirtualPathObjectFactory(VirtualPath virtualPath, HttpContext context, Boolean allowCrossApp, Boolean throwIfNotFound)
   at System.Web.Compilation.BuildManager.CreateInstanceFromVirtualPath(VirtualPath virtualPath, Type requiredBaseType, HttpContext context, Boolean allowCrossApp)
   at System.Web.WebPages.BuildManagerWrapper.CreateInstanceOfType[T](String virtualPath)
   at System.Web.WebPages.VirtualPathFactoryManager.CreateInstanceOfType[T](String virtualPath)
   at System.Web.WebPages.WebPageBase.CreateInstanceFromVirtualPath(String virtualPath, IVirtualPathFactory virtualPathFactory)
   at Composite.Plugins.Functions.FunctionProviders.RazorFunctionProvider.RazorFunctionProvider.InstantiateFunction(String virtualPath, String namespace, String name)
   at Composite.Plugins.Functions.FunctionProviders.FileBasedFunctionProvider.FileBasedFunctionProvider`1.get_Functions()
20130414 18:53:28.2144 3 79 Error FileBasedFunctionProvider  Error instantiating CategoryMenuRazor function
20130414 18:53:28.2154 3 79 Error FileBasedFunctionProvider  System.Web.HttpParseException (0x80004005): Encountered end tag "ul" with no matching start tag.  Are your start/end tags properly balanced?

   at System.Web.WebPages.Razor.RazorBuildProvider.EnsureGeneratedCode()
   at System.Web.WebPages.Razor.RazorBuildProvider.get_CodeCompilerType()
   at System.Web.Compilation.BuildProvider.GetCompilerTypeFromBuildProvider(BuildProvider buildProvider)
   at System.Web.Compilation.BuildProvidersCompiler.ProcessBuildProviders()
   at System.Web.Compilation.BuildProvidersCompiler.PerformBuild()
   at System.Web.Compilation.BuildManager.CompileWebFile(VirtualPath virtualPath)
   at System.Web.Compilation.BuildManager.GetVPathBuildResultInternal(VirtualPath virtualPath, Boolean noBuild, Boolean allowCrossApp, Boolean allowBuildInPrecompile, Boolean throwIfNotFound, Boolean ensureIsUpToDate)
   at System.Web.Compilation.BuildManager.GetVPathBuildResultWithNoAssert(HttpContext context, VirtualPath virtualPath, Boolean noBuild, Boolean allowCrossApp, Boolean allowBuildInPrecompile, Boolean throwIfNotFound, Boolean ensureIsUpToDate)
   at System.Web.Compilation.BuildManager.GetVirtualPathObjectFactory(VirtualPath virtualPath, HttpContext context, Boolean allowCrossApp, Boolean throwIfNotFound)
   at System.Web.Compilation.BuildManager.CreateInstanceFromVirtualPath(VirtualPath virtualPath, Type requiredBaseType, HttpContext context, Boolean allowCrossApp)
   at System.Web.WebPages.BuildManagerWrapper.CreateInstanceOfType[T](String virtualPath)
   at System.Web.WebPages.VirtualPathFactoryManager.CreateInstanceOfType[T](String virtualPath)
   at System.Web.WebPages.WebPageBase.CreateInstanceFromVirtualPath(String virtualPath, IVirtualPathFactory virtualPathFactory)
   at Composite.Plugins.Functions.FunctionProviders.RazorFunctionProvider.RazorFunctionProvider.InstantiateFunction(String virtualPath, String namespace, String name)
   at Composite.Plugins.Functions.FunctionProviders.FileBasedFunctionProvider.FileBasedFunctionProvider`1.get_Functions()
20130414 20:44:46.2399 3 27 Error PageRenderer  System.InvalidOperationException: Failed to get value for function 'My.Sale.CategoryMenuRazor' 
   at Composite.Functions.FunctionRuntimeTreeNode.GetValue(FunctionContextContainer contextContainer)
   at Composite.Core.WebClient.Renderings.Page.PageRenderer.<>c__DisplayClass19.<ExecuteEmbeddedFunctions>b__15(Int32 i)
20130414 20:44:46.2419 3 27 Error PageRenderer | INNER  System.InvalidOperationException: Function not loaded. Source '~/App_Data/Razor/My/Sale/CategoryMenuRazor.cshtml' ---> System.Web.HttpParseException: Encountered end tag "ul" with no matching start tag.  Are your start/end tags properly balanced?

   at System.Web.WebPages.Razor.RazorBuildProvider.EnsureGeneratedCode()
   at System.Web.WebPages.Razor.RazorBuildProvider.get_CodeCompilerType()
   at System.Web.Compilation.BuildProvider.GetCompilerTypeFromBuildProvider(BuildProvider buildProvider)
   at System.Web.Compilation.BuildProvidersCompiler.ProcessBuildProviders()
   at System.Web.Compilation.BuildProvidersCompiler.PerformBuild()
   at System.Web.Compilation.BuildManager.CompileWebFile(VirtualPath virtualPath)
   at System.Web.Compilation.BuildManager.GetVPathBuildResultInternal(VirtualPath virtualPath, Boolean noBuild, Boolean allowCrossApp, Boolean allowBuildInPrecompile, Boolean throwIfNotFound, Boolean ensureIsUpToDate)
   at System.Web.Compilation.BuildManager.GetVPathBuildResultWithNoAssert(HttpContext context, VirtualPath virtualPath, Boolean noBuild, Boolean allowCrossApp, Boolean allowBuildInPrecompile, Boolean throwIfNotFound, Boolean ensureIsUpToDate)
   at System.Web.Compilation.BuildManager.GetVirtualPathObjectFactory(VirtualPath virtualPath, HttpContext context, Boolean allowCrossApp, Boolean throwIfNotFound)
   at System.Web.Compilation.BuildManager.CreateInstanceFromVirtualPath(VirtualPath virtualPath, Type requiredBaseType, HttpContext context, Boolean allowCrossApp)
   at System.Web.WebPages.BuildManagerWrapper.CreateInstanceOfType[T](String virtualPath)
   at System.Web.WebPages.VirtualPathFactoryManager.CreateInstanceOfType[T](String virtualPath)
   at System.Web.WebPages.WebPageBase.CreateInstanceFromVirtualPath(String virtualPath, IVirtualPathFactory virtualPathFactory)
   at Composite.Plugins.Functions.FunctionProviders.RazorFunctionProvider.RazorFunctionProvider.InstantiateFunction(String virtualPath, String namespace, String name)
   at Composite.Plugins.Functions.FunctionProviders.FileBasedFunctionProvider.FileBasedFunctionProvider`1.get_Functions()
   --- End of inner exception stack trace ---
   at Composite.Plugins.Functions.FunctionProviders.FileBasedFunctionProvider.NotLoadedFileBasedFunction`1.Execute(ParameterList parameters, FunctionContextContainer context)
   at Composite.Functions.Foundation.PluginFacades.FunctionWrapper.Execute(ParameterList parameters, FunctionContextContainer context)
   at Composite.Functions.FunctionRuntimeTreeNode.GetValue(FunctionContextContainer contextContainer)
20130414 20:44:46.2419 3 27 Error PageRenderer | INNER | INNER  System.Web.HttpParseException (0x80004005): Encountered end tag "ul" with no matching start tag.  Are your start/end tags properly balanced?

   at System.Web.WebPages.Razor.RazorBuildProvider.EnsureGeneratedCode()
   at System.Web.WebPages.Razor.RazorBuildProvider.get_CodeCompilerType()
   at System.Web.Compilation.BuildProvider.GetCompilerTypeFromBuildProvider(BuildProvider buildProvider)
   at System.Web.Compilation.BuildProvidersCompiler.ProcessBuildProviders()
   at System.Web.Compilation.BuildProvidersCompiler.PerformBuild()
   at System.Web.Compilation.BuildManager.CompileWebFile(VirtualPath virtualPath)
   at System.Web.Compilation.BuildManager.GetVPathBuildResultInternal(VirtualPath virtualPath, Boolean noBuild, Boolean allowCrossApp, Boolean allowBuildInPrecompile, Boolean throwIfNotFound, Boolean ensureIsUpToDate)
   at System.Web.Compilation.BuildManager.GetVPathBuildResultWithNoAssert(HttpContext context, VirtualPath virtualPath, Boolean noBuild, Boolean allowCrossApp, Boolean allowBuildInPrecompile, Boolean throwIfNotFound, Boolean ensureIsUpToDate)
   at System.Web.Compilation.BuildManager.GetVirtualPathObjectFactory(VirtualPath virtualPath, HttpContext context, Boolean allowCrossApp, Boolean throwIfNotFound)
   at System.Web.Compilation.BuildManager.CreateInstanceFromVirtualPath(VirtualPath virtualPath, Type requiredBaseType, HttpContext context, Boolean allowCrossApp)
   at System.Web.WebPages.BuildManagerWrapper.CreateInstanceOfType[T](String virtualPath)
   at System.Web.WebPages.VirtualPathFactoryManager.CreateInstanceOfType[T](String virtualPath)
   at System.Web.WebPages.WebPageBase.CreateInstanceFromVirtualPath(String virtualPath, IVirtualPathFactory virtualPathFactory)
   at Composite.Plugins.Functions.FunctionProviders.RazorFunctionProvider.RazorFunctionProvider.InstantiateFunction(String virtualPath, String namespace, String name)
   at Composite.Plugins.Functions.FunctionProviders.FileBasedFunctionProvider.FileBasedFunctionProvider`1.get_Functions()
20130414 20:45:44.1071 3 84 Error FileBasedFunctionProvider  Error instantiating CategoryMenuRazor function
20130414 20:45:44.1181 3 84 Error FileBasedFunctionProvider  System.Web.HttpCompileException (0x80004005): d:\WebForm\Composite\Sale\Website\App_Data\Razor\My\Sale\CategoryMenuRazor.cshtml(33): error CS1002: ; expected
   at System.Web.Compilation.AssemblyBuilder.Compile()
   at System.Web.Compilation.BuildManager.CompileWebFile(VirtualPath virtualPath)
   at System.Web.Compilation.BuildManager.GetVPathBuildResultInternal(VirtualPath virtualPath, Boolean noBuild, Boolean allowCrossApp, Boolean allowBuildInPrecompile, Boolean throwIfNotFound, Boolean ensureIsUpToDate)
   at System.Web.Compilation.BuildManager.GetVPathBuildResultWithNoAssert(HttpContext context, VirtualPath virtualPath, Boolean noBuild, Boolean allowCrossApp, Boolean allowBuildInPrecompile, Boolean throwIfNotFound, Boolean ensureIsUpToDate)
   at System.Web.Compilation.BuildManager.GetVirtualPathObjectFactory(VirtualPath virtualPath, HttpContext context, Boolean allowCrossApp, Boolean throwIfNotFound)
   at System.Web.Compilation.BuildManager.CreateInstanceFromVirtualPath(VirtualPath virtualPath, Type requiredBaseType, HttpContext context, Boolean allowCrossApp)
   at System.Web.WebPages.BuildManagerWrapper.CreateInstanceOfType[T](String virtualPath)
   at System.Web.WebPages.VirtualPathFactoryManager.CreateInstanceOfType[T](String virtualPath)
   at System.Web.WebPages.WebPageBase.CreateInstanceFromVirtualPath(String virtualPath, IVirtualPathFactory virtualPathFactory)
   at Composite.Plugins.Functions.FunctionProviders.RazorFunctionProvider.RazorFunctionProvider.InstantiateFunction(String virtualPath, String namespace, String name)
   at Composite.Plugins.Functions.FunctionProviders.FileBasedFunctionProvider.FileBasedFunctionProvider`1.get_Functions()
20130414 20:45:51.4335 3  8 Error PageRenderer  System.InvalidOperationException: Failed to get value for function 'My.Sale.CategoryMenuRazor' 
   at Composite.Functions.FunctionRuntimeTreeNode.GetValue(FunctionContextContainer contextContainer)
   at Composite.Core.WebClient.Renderings.Page.PageRenderer.<>c__DisplayClass19.<ExecuteEmbeddedFunctions>b__15(Int32 i)
20130414 20:45:51.4345 3  8 Error PageRenderer | INNER  System.InvalidOperationException: Function not loaded. Source '~/App_Data/Razor/My/Sale/CategoryMenuRazor.cshtml' ---> System.Web.HttpCompileException: d:\WebForm\Composite\Sale\Website\App_Data\Razor\My\Sale\CategoryMenuRazor.cshtml(33): error CS1002: ; expected
   at System.Web.Compilation.AssemblyBuilder.Compile()
   at System.Web.Compilation.BuildManager.CompileWebFile(VirtualPath virtualPath)
   at System.Web.Compilation.BuildManager.GetVPathBuildResultInternal(VirtualPath virtualPath, Boolean noBuild, Boolean allowCrossApp, Boolean allowBuildInPrecompile, Boolean throwIfNotFound, Boolean ensureIsUpToDate)
   at System.Web.Compilation.BuildManager.GetVPathBuildResultWithNoAssert(HttpContext context, VirtualPath virtualPath, Boolean noBuild, Boolean allowCrossApp, Boolean allowBuildInPrecompile, Boolean throwIfNotFound, Boolean ensureIsUpToDate)
   at System.Web.Compilation.BuildManager.GetVirtualPathObjectFactory(VirtualPath virtualPath, HttpContext context, Boolean allowCrossApp, Boolean throwIfNotFound)
   at System.Web.Compilation.BuildManager.CreateInstanceFromVirtualPath(VirtualPath virtualPath, Type requiredBaseType, HttpContext context, Boolean allowCrossApp)
   at System.Web.WebPages.BuildManagerWrapper.CreateInstanceOfType[T](String virtualPath)
   at System.Web.WebPages.VirtualPathFactoryManager.CreateInstanceOfType[T](String virtualPath)
   at System.Web.WebPages.WebPageBase.CreateInstanceFromVirtualPath(String virtualPath, IVirtualPathFactory virtualPathFactory)
   at Composite.Plugins.Functions.FunctionProviders.RazorFunctionProvider.RazorFunctionProvider.InstantiateFunction(String virtualPath, String namespace, String name)
   at Composite.Plugins.Functions.FunctionProviders.FileBasedFunctionProvider.FileBasedFunctionProvider`1.get_Functions()
   --- End of inner exception stack trace ---
   at Composite.Plugins.Functions.FunctionProviders.FileBasedFunctionProvider.NotLoadedFileBasedFunction`1.Execute(ParameterList parameters, FunctionContextContainer context)
   at Composite.Functions.Foundation.PluginFacades.FunctionWrapper.Execute(ParameterList parameters, FunctionContextContainer context)
   at Composite.Functions.FunctionRuntimeTreeNode.GetValue(FunctionContextContainer contextContainer)
20130414 20:45:51.4355 3  8 Error PageRenderer | INNER | INNER  System.Web.HttpCompileException (0x80004005): d:\WebForm\Composite\Sale\Website\App_Data\Razor\My\Sale\CategoryMenuRazor.cshtml(33): error CS1002: ; expected
   at System.Web.Compilation.AssemblyBuilder.Compile()
   at System.Web.Compilation.BuildManager.CompileWebFile(VirtualPath virtualPath)
   at System.Web.Compilation.BuildManager.GetVPathBuildResultInternal(VirtualPath virtualPath, Boolean noBuild, Boolean allowCrossApp, Boolean allowBuildInPrecompile, Boolean throwIfNotFound, Boolean ensureIsUpToDate)
   at System.Web.Compilation.BuildManager.GetVPathBuildResultWithNoAssert(HttpContext context, VirtualPath virtualPath, Boolean noBuild, Boolean allowCrossApp, Boolean allowBuildInPrecompile, Boolean throwIfNotFound, Boolean ensureIsUpToDate)
   at System.Web.Compilation.BuildManager.GetVirtualPathObjectFactory(VirtualPath virtualPath, HttpContext context, Boolean allowCrossApp, Boolean throwIfNotFound)
   at System.Web.Compilation.BuildManager.CreateInstanceFromVirtualPath(VirtualPath virtualPath, Type requiredBaseType, HttpContext context, Boolean allowCrossApp)
   at System.Web.WebPages.BuildManagerWrapper.CreateInstanceOfType[T](String virtualPath)
   at System.Web.WebPages.VirtualPathFactoryManager.CreateInstanceOfType[T](String virtualPath)
   at System.Web.WebPages.WebPageBase.CreateInstanceFromVirtualPath(String virtualPath, IVirtualPathFactory virtualPathFactory)
   at Composite.Plugins.Functions.FunctionProviders.RazorFunctionProvider.RazorFunctionProvider.InstantiateFunction(String virtualPath, String namespace, String name)
   at Composite.Plugins.Functions.FunctionProviders.FileBasedFunctionProvider.FileBasedFunctionProvider`1.get_Functions()
20130414 21:00:55.7759 3 49 Information ApplicationEventHandler RGB(205, 92, 92) AppDomain 3 ended at 21:00:55:77 in process 10144
20130414 21:27:09.4825 4 35 Information ApplicationEventHandler RGB(205, 92, 92) AppDomain 4 ended at 21:27:09:48 in process 10144
20130414 21:33:05.9918 5 27 Information ApplicationEventHandler RGB(205, 92, 92) AppDomain 5 ended at 21:33:05:99 in process 10144
20130414 21:35:43.0414 6 22 Information ApplicationEventHandler RGB(205, 92, 92) AppDomain 6 ended at 21:35:43:03 in process 10144
20130414 22:01:26.1558 7 28 Information ApplicationEventHandler RGB(205, 92, 92) AppDomain 7 ended at 22:01:26:15 in process 10144
20130414 22:04:08.7658 8  9 Information ApplicationEventHandler RGB(205, 92, 92) AppDomain 8 ended at 22:04:08:76 in process 10144
20130414 22:04:13.3615 9 68 Error FileBasedFunctionProvider  Error instantiating ProductList function
20130414 22:04:13.4205 9 68 Error FileBasedFunctionProvider  System.Web.HttpCompileException (0x80004005): d:\WebForm\Composite\Sale\Website\App_Data\Razor\My\Sale\ProductList.cshtml(35): error CS0019: Operator '==' cannot be applied to operands of type 'string' and 'System.Guid'
   at System.Web.Compilation.AssemblyBuilder.Compile()
   at System.Web.Compilation.BuildManager.CompileWebFile(VirtualPath virtualPath)
   at System.Web.Compilation.BuildManager.GetVPathBuildResultInternal(VirtualPath virtualPath, Boolean noBuild, Boolean allowCrossApp, Boolean allowBuildInPrecompile, Boolean throwIfNotFound, Boolean ensureIsUpToDate)
   at System.Web.Compilation.BuildManager.GetVPathBuildResultWithNoAssert(HttpContext context, VirtualPath virtualPath, Boolean noBuild, Boolean allowCrossApp, Boolean allowBuildInPrecompile, Boolean throwIfNotFound, Boolean ensureIsUpToDate)
   at System.Web.Compilation.BuildManager.GetVirtualPathObjectFactory(VirtualPath virtualPath, HttpContext context, Boolean allowCrossApp, Boolean throwIfNotFound)
   at System.Web.Compilation.BuildManager.CreateInstanceFromVirtualPath(VirtualPath virtualPath, Type requiredBaseType, HttpContext context, Boolean allowCrossApp)
   at System.Web.WebPages.BuildManagerWrapper.CreateInstanceOfType[T](String virtualPath)
   at System.Web.WebPages.VirtualPathFactoryManager.CreateInstanceOfType[T](String virtualPath)
   at System.Web.WebPages.WebPageBase.CreateInstanceFromVirtualPath(String virtualPath, IVirtualPathFactory virtualPathFactory)
   at Composite.Plugins.Functions.FunctionProviders.RazorFunctionProvider.RazorFunctionProvider.InstantiateFunction(String virtualPath, String namespace, String name)
   at Composite.Plugins.Functions.FunctionProviders.FileBasedFunctionProvider.FileBasedFunctionProvider`1.get_Functions()
20130414 22:04:25.6645 9 35 Information ApplicationEventHandler RGB(205, 92, 92) AppDomain 9 ended at 22:04:25:66 in process 10144
20130414 22:04:33.4156 10 68 Error FileBasedFunctionProvider  Error instantiating ProductList function
20130414 22:04:33.4306 10 68 Error FileBasedFunctionProvider  System.Web.HttpCompileException (0x80004005): d:\WebForm\Composite\Sale\Website\App_Data\Razor\My\Sale\ProductList.cshtml(35): error CS0019: Operator '==' cannot be applied to operands of type 'string' and 'System.Guid'
   at System.Web.Compilation.AssemblyBuilder.Compile()
   at System.Web.Compilation.BuildManager.CompileWebFile(VirtualPath virtualPath)
   at System.Web.Compilation.BuildManager.GetVPathBuildResultInternal(VirtualPath virtualPath, Boolean noBuild, Boolean allowCrossApp, Boolean allowBuildInPrecompile, Boolean throwIfNotFound, Boolean ensureIsUpToDate)
   at System.Web.Compilation.BuildManager.GetVPathBuildResultWithNoAssert(HttpContext context, VirtualPath virtualPath, Boolean noBuild, Boolean allowCrossApp, Boolean allowBuildInPrecompile, Boolean throwIfNotFound, Boolean ensureIsUpToDate)
   at System.Web.Compilation.BuildManager.GetVirtualPathObjectFactory(VirtualPath virtualPath, HttpContext context, Boolean allowCrossApp, Boolean throwIfNotFound)
   at System.Web.Compilation.BuildManager.CreateInstanceFromVirtualPath(VirtualPath virtualPath, Type requiredBaseType, HttpContext context, Boolean allowCrossApp)
   at System.Web.WebPages.BuildManagerWrapper.CreateInstanceOfType[T](String virtualPath)
   at System.Web.WebPages.VirtualPathFactoryManager.CreateInstanceOfType[T](String virtualPath)
   at System.Web.WebPages.WebPageBase.CreateInstanceFromVirtualPath(String virtualPath, IVirtualPathFactory virtualPathFactory)
   at Composite.Plugins.Functions.FunctionProviders.RazorFunctionProvider.RazorFunctionProvider.InstantiateFunction(String virtualPath, String namespace, String name)
   at Composite.Plugins.Functions.FunctionProviders.FileBasedFunctionProvider.FileBasedFunctionProvider`1.get_Functions()
20130414 22:07:15.7232 10 28 Error PageRenderer  System.InvalidOperationException: Failed to get value for function 'My.Sale.ProductList' 
   at Composite.Functions.FunctionRuntimeTreeNode.GetValue(FunctionContextContainer contextContainer)
   at Composite.Core.WebClient.Renderings.Page.PageRenderer.<>c__DisplayClass19.<ExecuteEmbeddedFunctions>b__15(Int32 i)
20130414 22:07:15.7242 10 28 Error PageRenderer | INNER  System.InvalidOperationException: Function not loaded. Source '~/App_Data/Razor/My/Sale/ProductList.cshtml' ---> System.Web.HttpCompileException: d:\WebForm\Composite\Sale\Website\App_Data\Razor\My\Sale\ProductList.cshtml(35): error CS0019: Operator '==' cannot be applied to operands of type 'string' and 'System.Guid'
   at System.Web.Compilation.AssemblyBuilder.Compile()
   at System.Web.Compilation.BuildManager.CompileWebFile(VirtualPath virtualPath)
   at System.Web.Compilation.BuildManager.GetVPathBuildResultInternal(VirtualPath virtualPath, Boolean noBuild, Boolean allowCrossApp, Boolean allowBuildInPrecompile, Boolean throwIfNotFound, Boolean ensureIsUpToDate)
   at System.Web.Compilation.BuildManager.GetVPathBuildResultWithNoAssert(HttpContext context, VirtualPath virtualPath, Boolean noBuild, Boolean allowCrossApp, Boolean allowBuildInPrecompile, Boolean throwIfNotFound, Boolean ensureIsUpToDate)
   at System.Web.Compilation.BuildManager.GetVirtualPathObjectFactory(VirtualPath virtualPath, HttpContext context, Boolean allowCrossApp, Boolean throwIfNotFound)
   at System.Web.Compilation.BuildManager.CreateInstanceFromVirtualPath(VirtualPath virtualPath, Type requiredBaseType, HttpContext context, Boolean allowCrossApp)
   at System.Web.WebPages.BuildManagerWrapper.CreateInstanceOfType[T](String virtualPath)
   at System.Web.WebPages.VirtualPathFactoryManager.CreateInstanceOfType[T](String virtualPath)
   at System.Web.WebPages.WebPageBase.CreateInstanceFromVirtualPath(String virtualPath, IVirtualPathFactory virtualPathFactory)
   at Composite.Plugins.Functions.FunctionProviders.RazorFunctionProvider.RazorFunctionProvider.InstantiateFunction(String virtualPath, String namespace, String name)
   at Composite.Plugins.Functions.FunctionProviders.FileBasedFunctionProvider.FileBasedFunctionProvider`1.get_Functions()
   --- End of inner exception stack trace ---
   at Composite.Plugins.Functions.FunctionProviders.FileBasedFunctionProvider.NotLoadedFileBasedFunction`1.Execute(ParameterList parameters, FunctionContextContainer context)
   at Composite.Functions.Foundation.PluginFacades.FunctionWrapper.Execute(ParameterList parameters, FunctionContextContainer context)
   at Composite.Functions.FunctionRuntimeTreeNode.GetValue(FunctionContextContainer contextContainer)
20130414 22:07:15.7252 10 28 Error PageRenderer | INNER | INNER  System.Web.HttpCompileException (0x80004005): d:\WebForm\Composite\Sale\Website\App_Data\Razor\My\Sale\ProductList.cshtml(35): error CS0019: Operator '==' cannot be applied to operands of type 'string' and 'System.Guid'
   at System.Web.Compilation.AssemblyBuilder.Compile()
   at System.Web.Compilation.BuildManager.CompileWebFile(VirtualPath virtualPath)
   at System.Web.Compilation.BuildManager.GetVPathBuildResultInternal(VirtualPath virtualPath, Boolean noBuild, Boolean allowCrossApp, Boolean allowBuildInPrecompile, Boolean throwIfNotFound, Boolean ensureIsUpToDate)
   at System.Web.Compilation.BuildManager.GetVPathBuildResultWithNoAssert(HttpContext context, VirtualPath virtualPath, Boolean noBuild, Boolean allowCrossApp, Boolean allowBuildInPrecompile, Boolean throwIfNotFound, Boolean ensureIsUpToDate)
   at System.Web.Compilation.BuildManager.GetVirtualPathObjectFactory(VirtualPath virtualPath, HttpContext context, Boolean allowCrossApp, Boolean throwIfNotFound)
   at System.Web.Compilation.BuildManager.CreateInstanceFromVirtualPath(VirtualPath virtualPath, Type requiredBaseType, HttpContext context, Boolean allowCrossApp)
   at System.Web.WebPages.BuildManagerWrapper.CreateInstanceOfType[T](String virtualPath)
   at System.Web.WebPages.VirtualPathFactoryManager.CreateInstanceOfType[T](String virtualPath)
   at System.Web.WebPages.WebPageBase.CreateInstanceFromVirtualPath(String virtualPath, IVirtualPathFactory virtualPathFactory)
   at Composite.Plugins.Functions.FunctionProviders.RazorFunctionProvider.RazorFunctionProvider.InstantiateFunction(String virtualPath, String namespace, String name)
   at Composite.Plugins.Functions.FunctionProviders.FileBasedFunctionProvider.FileBasedFunctionProvider`1.get_Functions()
20130414 22:07:23.2055 10 22 Error PageRenderer  System.InvalidOperationException: Failed to get value for function 'My.Sale.ProductList' 
   at Composite.Functions.FunctionRuntimeTreeNode.GetValue(FunctionContextContainer contextContainer)
   at Composite.Core.WebClient.Renderings.Page.PageRenderer.<>c__DisplayClass19.<ExecuteEmbeddedFunctions>b__15(Int32 i)
20130414 22:07:23.2075 10 22 Error PageRenderer | INNER  System.InvalidOperationException: Function not loaded. Source '~/App_Data/Razor/My/Sale/ProductList.cshtml' ---> System.Web.HttpCompileException: d:\WebForm\Composite\Sale\Website\App_Data\Razor\My\Sale\ProductList.cshtml(35): error CS0019: Operator '==' cannot be applied to operands of type 'string' and 'System.Guid'
   at System.Web.Compilation.AssemblyBuilder.Compile()
   at System.Web.Compilation.BuildManager.CompileWebFile(VirtualPath virtualPath)
   at System.Web.Compilation.BuildManager.GetVPathBuildResultInternal(VirtualPath virtualPath, Boolean noBuild, Boolean allowCrossApp, Boolean allowBuildInPrecompile, Boolean throwIfNotFound, Boolean ensureIsUpToDate)
   at System.Web.Compilation.BuildManager.GetVPathBuildResultWithNoAssert(HttpContext context, VirtualPath virtualPath, Boolean noBuild, Boolean allowCrossApp, Boolean allowBuildInPrecompile, Boolean throwIfNotFound, Boolean ensureIsUpToDate)
   at System.Web.Compilation.BuildManager.GetVirtualPathObjectFactory(VirtualPath virtualPath, HttpContext context, Boolean allowCrossApp, Boolean throwIfNotFound)
   at System.Web.Compilation.BuildManager.CreateInstanceFromVirtualPath(VirtualPath virtualPath, Type requiredBaseType, HttpContext context, Boolean allowCrossApp)
   at System.Web.WebPages.BuildManagerWrapper.CreateInstanceOfType[T](String virtualPath)
   at System.Web.WebPages.VirtualPathFactoryManager.CreateInstanceOfType[T](String virtualPath)
   at System.Web.WebPages.WebPageBase.CreateInstanceFromVirtualPath(String virtualPath, IVirtualPathFactory virtualPathFactory)
   at Composite.Plugins.Functions.FunctionProviders.RazorFunctionProvider.RazorFunctionProvider.InstantiateFunction(String virtualPath, String namespace, String name)
   at Composite.Plugins.Functions.FunctionProviders.FileBasedFunctionProvider.FileBasedFunctionProvider`1.get_Functions()
   --- End of inner exception stack trace ---
   at Composite.Plugins.Functions.FunctionProviders.FileBasedFunctionProvider.NotLoadedFileBasedFunction`1.Execute(ParameterList parameters, FunctionContextContainer context)
   at Composite.Functions.Foundation.PluginFacades.FunctionWrapper.Execute(ParameterList parameters, FunctionContextContainer context)
   at Composite.Functions.FunctionRuntimeTreeNode.GetValue(FunctionContextContainer contextContainer)
20130414 22:07:23.2075 10 22 Error PageRenderer | INNER | INNER  System.Web.HttpCompileException (0x80004005): d:\WebForm\Composite\Sale\Website\App_Data\Razor\My\Sale\ProductList.cshtml(35): error CS0019: Operator '==' cannot be applied to operands of type 'string' and 'System.Guid'
   at System.Web.Compilation.AssemblyBuilder.Compile()
   at System.Web.Compilation.BuildManager.CompileWebFile(VirtualPath virtualPath)
   at System.Web.Compilation.BuildManager.GetVPathBuildResultInternal(VirtualPath virtualPath, Boolean noBuild, Boolean allowCrossApp, Boolean allowBuildInPrecompile, Boolean throwIfNotFound, Boolean ensureIsUpToDate)
   at System.Web.Compilation.BuildManager.GetVPathBuildResultWithNoAssert(HttpContext context, VirtualPath virtualPath, Boolean noBuild, Boolean allowCrossApp, Boolean allowBuildInPrecompile, Boolean throwIfNotFound, Boolean ensureIsUpToDate)
   at System.Web.Compilation.BuildManager.GetVirtualPathObjectFactory(VirtualPath virtualPath, HttpContext context, Boolean allowCrossApp, Boolean throwIfNotFound)
   at System.Web.Compilation.BuildManager.CreateInstanceFromVirtualPath(VirtualPath virtualPath, Type requiredBaseType, HttpContext context, Boolean allowCrossApp)
   at System.Web.WebPages.BuildManagerWrapper.CreateInstanceOfType[T](String virtualPath)
   at System.Web.WebPages.VirtualPathFactoryManager.CreateInstanceOfType[T](String virtualPath)
   at System.Web.WebPages.WebPageBase.CreateInstanceFromVirtualPath(String virtualPath, IVirtualPathFactory virtualPathFactory)
   at Composite.Plugins.Functions.FunctionProviders.RazorFunctionProvider.RazorFunctionProvider.InstantiateFunction(String virtualPath, String namespace, String name)
   at Composite.Plugins.Functions.FunctionProviders.FileBasedFunctionProvider.FileBasedFunctionProvider`1.get_Functions()
20130414 22:12:01.9288 10 75 Error FileBasedFunctionProvider  Error instantiating ProductList function
20130414 22:12:01.9298 10 75 Error FileBasedFunctionProvider  System.Web.HttpCompileException (0x80004005): d:\WebForm\Composite\Sale\Website\App_Data\Razor\My\Sale\ProductList.cshtml(35): error CS0019: Operator '==' cannot be applied to operands of type 'string' and 'System.Guid'
   at System.Web.Compilation.AssemblyBuilder.Compile()
   at System.Web.Compilation.BuildManager.CompileWebFile(VirtualPath virtualPath)
   at System.Web.Compilation.BuildManager.GetVPathBuildResultInternal(VirtualPath virtualPath, Boolean noBuild, Boolean allowCrossApp, Boolean allowBuildInPrecompile, Boolean throwIfNotFound, Boolean ensureIsUpToDate)
   at System.Web.Compilation.BuildManager.GetVPathBuildResultWithNoAssert(HttpContext context, VirtualPath virtualPath, Boolean noBuild, Boolean allowCrossApp, Boolean allowBuildInPrecompile, Boolean throwIfNotFound, Boolean ensureIsUpToDate)
   at System.Web.Compilation.BuildManager.GetVirtualPathObjectFactory(VirtualPath virtualPath, HttpContext context, Boolean allowCrossApp, Boolean throwIfNotFound)
   at System.Web.Compilation.BuildManager.CreateInstanceFromVirtualPath(VirtualPath virtualPath, Type requiredBaseType, HttpContext context, Boolean allowCrossApp)
   at System.Web.WebPages.BuildManagerWrapper.CreateInstanceOfType[T](String virtualPath)
   at System.Web.WebPages.VirtualPathFactoryManager.CreateInstanceOfType[T](String virtualPath)
   at System.Web.WebPages.WebPageBase.CreateInstanceFromVirtualPath(String virtualPath, IVirtualPathFactory virtualPathFactory)
   at Composite.Plugins.Functions.FunctionProviders.RazorFunctionProvider.RazorFunctionProvider.InstantiateFunction(String virtualPath, String namespace, String name)
   at Composite.Plugins.Functions.FunctionProviders.FileBasedFunctionProvider.FileBasedFunctionProvider`1.get_Functions()
20130414 22:12:03.9291 10 53 Error PageRenderer  System.InvalidOperationException: Failed to get value for function 'My.Sale.ProductList' 
   at Composite.Functions.FunctionRuntimeTreeNode.GetValue(FunctionContextContainer contextContainer)
   at Composite.Core.WebClient.Renderings.Page.PageRenderer.<>c__DisplayClass19.<ExecuteEmbeddedFunctions>b__15(Int32 i)
20130414 22:12:03.9301 10 53 Error PageRenderer | INNER  System.InvalidOperationException: Function not loaded. Source '~/App_Data/Razor/My/Sale/ProductList.cshtml' ---> System.Web.HttpCompileException: d:\WebForm\Composite\Sale\Website\App_Data\Razor\My\Sale\ProductList.cshtml(35): error CS0019: Operator '==' cannot be applied to operands of type 'string' and 'System.Guid'
   at System.Web.Compilation.AssemblyBuilder.Compile()
   at System.Web.Compilation.BuildManager.CompileWebFile(VirtualPath virtualPath)
   at System.Web.Compilation.BuildManager.GetVPathBuildResultInternal(VirtualPath virtualPath, Boolean noBuild, Boolean allowCrossApp, Boolean allowBuildInPrecompile, Boolean throwIfNotFound, Boolean ensureIsUpToDate)
   at System.Web.Compilation.BuildManager.GetVPathBuildResultWithNoAssert(HttpContext context, VirtualPath virtualPath, Boolean noBuild, Boolean allowCrossApp, Boolean allowBuildInPrecompile, Boolean throwIfNotFound, Boolean ensureIsUpToDate)
   at System.Web.Compilation.BuildManager.GetVirtualPathObjectFactory(VirtualPath virtualPath, HttpContext context, Boolean allowCrossApp, Boolean throwIfNotFound)
   at System.Web.Compilation.BuildManager.CreateInstanceFromVirtualPath(VirtualPath virtualPath, Type requiredBaseType, HttpContext context, Boolean allowCrossApp)
   at System.Web.WebPages.BuildManagerWrapper.CreateInstanceOfType[T](String virtualPath)
   at System.Web.WebPages.VirtualPathFactoryManager.CreateInstanceOfType[T](String virtualPath)
   at System.Web.WebPages.WebPageBase.CreateInstanceFromVirtualPath(String virtualPath, IVirtualPathFactory virtualPathFactory)
   at Composite.Plugins.Functions.FunctionProviders.RazorFunctionProvider.RazorFunctionProvider.InstantiateFunction(String virtualPath, String namespace, String name)
   at Composite.Plugins.Functions.FunctionProviders.FileBasedFunctionProvider.FileBasedFunctionProvider`1.get_Functions()
   --- End of inner exception stack trace ---
   at Composite.Plugins.Functions.FunctionProviders.FileBasedFunctionProvider.NotLoadedFileBasedFunction`1.Execute(ParameterList parameters, FunctionContextContainer context)
   at Composite.Functions.Foundation.PluginFacades.FunctionWrapper.Execute(ParameterList parameters, FunctionContextContainer context)
   at Composite.Functions.FunctionRuntimeTreeNode.GetValue(FunctionContextContainer contextContainer)
20130414 22:12:03.9311 10 53 Error PageRenderer | INNER | INNER  System.Web.HttpCompileException (0x80004005): d:\WebForm\Composite\Sale\Website\App_Data\Razor\My\Sale\ProductList.cshtml(35): error CS0019: Operator '==' cannot be applied to operands of type 'string' and 'System.Guid'
   at System.Web.Compilation.AssemblyBuilder.Compile()
   at System.Web.Compilation.BuildManager.CompileWebFile(VirtualPath virtualPath)
   at System.Web.Compilation.BuildManager.GetVPathBuildResultInternal(VirtualPath virtualPath, Boolean noBuild, Boolean allowCrossApp, Boolean allowBuildInPrecompile, Boolean throwIfNotFound, Boolean ensureIsUpToDate)
   at System.Web.Compilation.BuildManager.GetVPathBuildResultWithNoAssert(HttpContext context, VirtualPath virtualPath, Boolean noBuild, Boolean allowCrossApp, Boolean allowBuildInPrecompile, Boolean throwIfNotFound, Boolean ensureIsUpToDate)
   at System.Web.Compilation.BuildManager.GetVirtualPathObjectFactory(VirtualPath virtualPath, HttpContext context, Boolean allowCrossApp, Boolean throwIfNotFound)
   at System.Web.Compilation.BuildManager.CreateInstanceFromVirtualPath(VirtualPath virtualPath, Type requiredBaseType, HttpContext context, Boolean allowCrossApp)
   at System.Web.WebPages.BuildManagerWrapper.CreateInstanceOfType[T](String virtualPath)
   at System.Web.WebPages.VirtualPathFactoryManager.CreateInstanceOfType[T](String virtualPath)
   at System.Web.WebPages.WebPageBase.CreateInstanceFromVirtualPath(String virtualPath, IVirtualPathFactory virtualPathFactory)
   at Composite.Plugins.Functions.FunctionProviders.RazorFunctionProvider.RazorFunctionProvider.InstantiateFunction(String virtualPath, String namespace, String name)
   at Composite.Plugins.Functions.FunctionProviders.FileBasedFunctionProvider.FileBasedFunctionProvider`1.get_Functions()
20130414 22:25:23.4254 10 28 Information ApplicationEventHandler RGB(205, 92, 92) AppDomain 10 ended at 22:25:23:42 in process 10144
